<?xml version="1.0" encoding="UTF-8"?>
<testng-results ignored="0" total="2" passed="2" failed="0" skipped="0">
  <reporter-output>
  </reporter-output>
  <suite started-at="2023-03-17T16:19:15 EDT" name="Default suite" finished-at="2023-03-17T16:19:15 EDT" duration-ms="241">
    <groups>
    </groups>
    <test started-at="2023-03-17T16:19:15 EDT" name="Default test" finished-at="2023-03-17T16:19:15 EDT" duration-ms="241">
      <class name="com.jayway.jsonpath.TransformationAdvancedTest">
        <test-method signature="simple_transform_spec_test()[pri:0, instance:com.jayway.jsonpath.TransformationAdvancedTest@52102734]" started-at="2023-03-17T16:19:15 EDT" name="simple_transform_spec_test" finished-at="2023-03-17T16:19:15 EDT" duration-ms="192" status="PASS">
          <reporter-output>
          </reporter-output>
        </test-method> <!-- simple_transform_spec_test -->
        <test-method signature="simple_transform_spec_with_missing_source_fields()[pri:0, instance:com.jayway.jsonpath.TransformationAdvancedTest@52102734]" started-at="2023-03-17T16:19:15 EDT" name="simple_transform_spec_with_missing_source_fields" finished-at="2023-03-17T16:19:15 EDT" duration-ms="5" status="PASS">
          <reporter-output>
          </reporter-output>
        </test-method> <!-- simple_transform_spec_with_missing_source_fields -->
      </class> <!-- com.jayway.jsonpath.TransformationAdvancedTest -->
    </test> <!-- Default test -->
  </suite> <!-- Default suite -->
</testng-results>
