<?xml version="1.0" encoding="UTF-8"?>
<!-- Generated by org.testng.reporters.JUnitXMLReporter -->
<testsuite ignored="0" hostname="JosePapitha" failures="0" tests="2" name="Default test" time="0.241" errors="0" timestamp="2023-03-17T16:19:15 EDT">
  <testcase classname="com.jayway.jsonpath.TransformationAdvancedTest" name="simple_transform_spec_test" time="0.192"/>
  <testcase classname="com.jayway.jsonpath.TransformationAdvancedTest" name="simple_transform_spec_with_missing_source_fields" time="0.005"/>
</testsuite> <!-- Default test -->
